[ 2016-09-18T10:42:53+08:00 ] ::1 /505/Admin/
INFO: [ app_init ] --START--
INFO: Run Behavior\BuildLiteBehavior [ RunTime:0.000012s ]
INFO: [ app_init ] --END-- [ RunTime:0.000480s ]
INFO: [ app_begin ] --START--
INFO: Run Behavior\ReadHtmlCacheBehavior [ RunTime:0.000732s ]
INFO: [ app_begin ] --END-- [ RunTime:0.000774s ]

[ 2016-09-18T10:42:53+08:00 ] ::1 /505/Admin/index.php/Home/Index/login.html
INFO: [ app_init ] --START--
INFO: Run Behavior\BuildLiteBehavior [ RunTime:0.000030s ]
INFO: [ app_init ] --END-- [ RunTime:0.000961s ]
INFO: [ app_begin ] --START--
INFO: Run Behavior\ReadHtmlCacheBehavior [ RunTime:0.000847s ]
INFO: [ app_begin ] --END-- [ RunTime:0.000903s ]
INFO: [ view_parse ] --START--
INFO: [ template_filter ] --START--
INFO: Run Behavior\ContentReplaceBehavior [ RunTime:0.000049s ]
INFO: [ template_filter ] --END-- [ RunTime:0.000098s ]
INFO: Run Behavior\ParseTemplateBehavior [ RunTime:0.186848s ]
INFO: [ view_parse ] --END-- [ RunTime:0.186911s ]
INFO: [ view_filter ] --START--
INFO: Run Behavior\WriteHtmlCacheBehavior [ RunTime:0.021911s ]
INFO: [ view_filter ] --END-- [ RunTime:0.021956s ]
INFO: [ app_end ] --START--
INFO: Run Behavior\ShowPageTraceBehavior [ RunTime:0.014740s ]
INFO: [ app_end ] --END-- [ RunTime:0.014784s ]

[ 2016-09-18T10:43:00+08:00 ] ::1 /505/Admin/index.php/Home/Index/login.html
INFO: [ app_init ] --START--
INFO: Run Behavior\BuildLiteBehavior [ RunTime:0.000009s ]
INFO: [ app_init ] --END-- [ RunTime:0.000440s ]
INFO: [ app_begin ] --START--
INFO: Run Behavior\ReadHtmlCacheBehavior [ RunTime:0.000812s ]
INFO: [ app_begin ] --END-- [ RunTime:0.000841s ]
INFO: [ view_parse ] --START--
INFO: [ template_filter ] --START--
INFO: Run Behavior\ContentReplaceBehavior [ RunTime:0.000060s ]
INFO: [ template_filter ] --END-- [ RunTime:0.000156s ]
INFO: Run Behavior\ParseTemplateBehavior [ RunTime:0.008890s ]
INFO: [ view_parse ] --END-- [ RunTime:0.008958s ]
INFO: [ view_filter ] --START--
INFO: Run Behavior\WriteHtmlCacheBehavior [ RunTime:0.000779s ]
INFO: [ view_filter ] --END-- [ RunTime:0.000804s ]
ERR: Undefined class constant 'MYSQL_ATTR_INIT_COMMAND'
NOTIC: [2] Cannot modify header information - headers already sent by (output started at F:\php\httpd-2.4.20-win64-VC14\Apache24\htdocs\505\ThinkPHP\Library\Think\View.class.php:107) F:\php\httpd-2.4.20-win64-VC14\Apache24\htdocs\505\ThinkPHP\Library\Think\Think.class.php 第 256 行.
NOTIC: [2] Cannot modify header information - headers already sent by (output started at F:\php\httpd-2.4.20-win64-VC14\Apache24\htdocs\505\ThinkPHP\Library\Think\View.class.php:107) F:\php\httpd-2.4.20-win64-VC14\Apache24\htdocs\505\ThinkPHP\Library\Think\Think.class.php 第 257 行.

[ 2016-09-18T10:58:45+08:00 ] ::1 /505/admin/
INFO: [ app_init ] --START--
INFO: Run Behavior\BuildLiteBehavior [ RunTime:0.000034s ]
INFO: [ app_init ] --END-- [ RunTime:0.000652s ]
INFO: [ app_begin ] --START--
INFO: Run Behavior\ReadHtmlCacheBehavior [ RunTime:0.000632s ]
INFO: [ app_begin ] --END-- [ RunTime:0.000661s ]

[ 2016-09-18T10:58:45+08:00 ] ::1 /505/admin/index.php/Home/Index/login.html
INFO: [ app_init ] --START--
INFO: Run Behavior\BuildLiteBehavior [ RunTime:0.000009s ]
INFO: [ app_init ] --END-- [ RunTime:0.000434s ]
INFO: [ app_begin ] --START--
INFO: Run Behavior\ReadHtmlCacheBehavior [ RunTime:0.000723s ]
INFO: [ app_begin ] --END-- [ RunTime:0.000760s ]
INFO: [ view_parse ] --START--
INFO: [ template_filter ] --START--
INFO: Run Behavior\ContentReplaceBehavior [ RunTime:0.000044s ]
INFO: [ template_filter ] --END-- [ RunTime:0.000081s ]
INFO: Run Behavior\ParseTemplateBehavior [ RunTime:0.006614s ]
INFO: [ view_parse ] --END-- [ RunTime:0.006656s ]
INFO: [ view_filter ] --START--
INFO: Run Behavior\WriteHtmlCacheBehavior [ RunTime:0.000538s ]
INFO: [ view_filter ] --END-- [ RunTime:0.000559s ]
INFO: [ app_end ] --START--
INFO: Run Behavior\ShowPageTraceBehavior [ RunTime:0.000642s ]
INFO: [ app_end ] --END-- [ RunTime:0.000664s ]

[ 2016-09-18T10:58:49+08:00 ] ::1 /505/admin/index.php/Home/Index/login.html
INFO: [ app_init ] --START--
INFO: Run Behavior\BuildLiteBehavior [ RunTime:0.000041s ]
INFO: [ app_init ] --END-- [ RunTime:0.001461s ]
INFO: [ app_begin ] --START--
INFO: Run Behavior\ReadHtmlCacheBehavior [ RunTime:0.000909s ]
INFO: [ app_begin ] --END-- [ RunTime:0.000996s ]
INFO: [ view_parse ] --START--
INFO: [ template_filter ] --START--
INFO: Run Behavior\ContentReplaceBehavior [ RunTime:0.000047s ]
INFO: [ template_filter ] --END-- [ RunTime:0.000097s ]
INFO: Run Behavior\ParseTemplateBehavior [ RunTime:0.006687s ]
INFO: [ view_parse ] --END-- [ RunTime:0.006746s ]
INFO: [ view_filter ] --START--
INFO: Run Behavior\WriteHtmlCacheBehavior [ RunTime:0.000984s ]
INFO: [ view_filter ] --END-- [ RunTime:0.001015s ]
ERR: Undefined class constant 'MYSQL_ATTR_INIT_COMMAND'
NOTIC: [2] Cannot modify header information - headers already sent by (output started at F:\php\httpd-2.4.20-win64-VC14\Apache24\htdocs\505\ThinkPHP\Library\Think\View.class.php:107) F:\php\httpd-2.4.20-win64-VC14\Apache24\htdocs\505\ThinkPHP\Library\Think\Think.class.php 第 256 行.
NOTIC: [2] Cannot modify header information - headers already sent by (output started at F:\php\httpd-2.4.20-win64-VC14\Apache24\htdocs\505\ThinkPHP\Library\Think\View.class.php:107) F:\php\httpd-2.4.20-win64-VC14\Apache24\htdocs\505\ThinkPHP\Library\Think\Think.class.php 第 257 行.

